{"C:\\Users\\Admin\\Дадонкин Влад\\Нетология\\ajs-homework\\clearFunc\\src\\healthStatus.js": {"path":"C:\\Users\\Admin\\Дадонкин Влад\\Нетология\\ajs-homework\\clearFunc\\src\\healthStatus.js","statementMap":{"0":{"start":{"line":2,"column":4},"end":{"line":2,"column":48}},"1":{"start":{"line":2,"column":31},"end":{"line":2,"column":48}},"2":{"start":{"line":3,"column":4},"end":{"line":3,"column":49}},"3":{"start":{"line":3,"column":32},"end":{"line":3,"column":49}},"4":{"start":{"line":4,"column":4},"end":{"line":4,"column":22}}},"fnMap":{"0":{"name":"healthStatus","decl":{"start":{"line":1,"column":16},"end":{"line":1,"column":28}},"loc":{"start":{"line":1,"column":40},"end":{"line":5,"column":3}},"line":1}},"branchMap":{"0":{"loc":{"start":{"line":2,"column":4},"end":{"line":2,"column":48}},"type":"if","locations":[{"start":{"line":2,"column":4},"end":{"line":2,"column":48}},{"start":{},"end":{}}],"line":2},"1":{"loc":{"start":{"line":3,"column":4},"end":{"line":3,"column":49}},"type":"if","locations":[{"start":{"line":3,"column":4},"end":{"line":3,"column":49}},{"start":{},"end":{}}],"line":3}},"s":{"0":3,"1":1,"2":2,"3":1,"4":1},"f":{"0":3},"b":{"0":[1,2],"1":[1,1]},"_coverageSchema":"1a1c01bbd47fc00a2c39e90264f33305004495a9","hash":"53ec9eb8ebe8c6d72d89c793c38b3e8ea0aa44e0"}
}
